<?xml version="1.0" encoding="UTF-8"?>
<!-- Generated by org.testng.reporters.JUnitXMLReporter -->
<testsuite hostname="hou-jmorah-m" ignored="0" name="Command line test" tests="1" failures="1" timestamp="2019-10-29T14:20:51 CDT" time="32.235" errors="0">
  <testcase name="TestMadeToFail" time="5.165" classname="hostgator.TestMadeToFail">
    <failure type="java.lang.AssertionError" message="TestMadeToFail did not expect to find [true] but found [false]">
      <![CDATA[java.lang.AssertionError: TestMadeToFail did not expect to find [true] but found [false]
at hostgator.TestMadeToFail.TestMadeToFail(TestMadeToFail.java:39)
at java.util.ArrayList.forEach(ArrayList.java:1257)
... Removed 39 stack frames]]>
    </failure>
  </testcase> <!-- TestMadeToFail -->
</testsuite> <!-- Command line test -->
