<?xml version="1.0" encoding="UTF-8" ?>
<testsuite tests="1" failures="1" name="hostgator.TestMadeToFail" time="5.168" errors="0" skipped="0">
  <properties>
[...]
</properties>
  <testcase classname="hostgator.TestMadeToFail" name="TestMadeToFail" time="5.168">
    <failure message="TestMadeToFail did not expect to find [true] but found [false]" type="java.lang.AssertionError">java.lang.AssertionError: TestMadeToFail did not expect to find [true] but found [false]
	at org.testng.Assert.fail(Assert.java:97)
	at org.testng.Assert.failNotEquals(Assert.java:969)
	at org.testng.Assert.assertTrue(Assert.java:43)
	at hostgator.TestMadeToFail.TestMadeToFail(TestMadeToFail.java:39)
</failure>
    <system-out>Configuring TestNG with: org.apache.maven.surefire.testng.conf.TestNG652Configurator@4ca8195f
14:20:21.730 [main] INFO  hostgator.TestMadeToFail - Driver is initialized
14:20:46.441 [main] INFO  hostgator.TestMadeToFail - Navigated to shared pkg signup page
14:20:47.102 [main] INFO  hostgator.Pages.Signup.Signuppage - Entered New Domain
14:20:47.184 [main] INFO  hostgator.Pages.Signup.Signuppage - Selected TLD
14:20:49.340 [main] INFO  hostgator.Pages.Signup.Signuppage - Selected billing Term
14:20:51.493 [main] INFO  hostgator.Pages.Signup.Signuppage - Entered Username
14:20:51.619 [main] INFO  hostgator.Pages.Signup.Signuppage - Entered Pin
</system-out>
    <system-err>Starting ChromeDriver 77.0.3865.40 (f484704e052e0b556f8030b65b953dce96503217-refs/branch-heads/3865@{#442}) on port 43105
Only local connections are allowed.
Please protect ports used by ChromeDriver and related test frameworks to prevent access by malicious code.
[1572376821.391][WARNING]: This version of ChromeDriver has not been tested with Chrome version 78.
Oct 29, 2019 2:20:21 PM org.openqa.selenium.remote.ProtocolHandshake createSession
INFO: Detected dialect: W3C
</system-err>
  </testcase>
</testsuite>