<?xml version="1.0" encoding="UTF-8"?>
<testng-results skipped="0" failed="1" ignored="0" total="6" passed="5">
  <reporter-output>
  </reporter-output>
  <suite name="Default suite" duration-ms="54876" started-at="2019-10-10T18:48:42Z" finished-at="2019-10-10T18:49:36Z">
    <groups>
    </groups>
    <test name="Default test" duration-ms="54876" started-at="2019-10-10T18:48:42Z" finished-at="2019-10-10T18:49:36Z">
      <class name="com.hostgator.PkgSignup">
        <test-method status="PASS" signature="initialize()[pri:0, instance:com.hostgator.PkgSignup@67a20f67]" name="initialize" is-config="true" duration-ms="1422" started-at="2019-10-10T18:48:42Z" finished-at="2019-10-10T18:48:43Z">
          <reporter-output>
          </reporter-output>
        </test-method> <!-- initialize -->
        <test-method status="PASS" signature="hgq1125()[pri:0, instance:com.hostgator.PkgSignup@67a20f67]" name="hgq1125" duration-ms="2251" started-at="2019-10-10T18:48:43Z" finished-at="2019-10-10T18:48:45Z">
          <reporter-output>
          </reporter-output>
        </test-method> <!-- hgq1125 -->
        <test-method status="PASS" signature="hgq1133()[pri:0, instance:com.hostgator.PkgSignup@67a20f67]" name="hgq1133" duration-ms="1994" started-at="2019-10-10T18:48:45Z" finished-at="2019-10-10T18:48:47Z">
          <reporter-output>
          </reporter-output>
        </test-method> <!-- hgq1133 -->
        <test-method status="PASS" signature="hgq1134()[pri:0, instance:com.hostgator.PkgSignup@67a20f67]" name="hgq1134" duration-ms="1646" started-at="2019-10-10T18:48:47Z" finished-at="2019-10-10T18:48:49Z">
          <reporter-output>
          </reporter-output>
        </test-method> <!-- hgq1134 -->
        <test-method status="FAIL" signature="hgq898()[pri:0, instance:com.hostgator.PkgSignup@67a20f67]" name="hgq898" duration-ms="28458" started-at="2019-10-10T18:48:49Z" finished-at="2019-10-10T18:49:17Z">
          <exception class="org.openqa.selenium.ElementClickInterceptedException">
            <message>
              <![CDATA[element click intercepted: Element <a tabindex="901" class="button-yellow button-buy" id="final-checkout" href="#" title="Pay Bill Now">...</a> is not clickable at point (599, 765). Other element would receive the click: <div style="width: 100%; height: 100%; position: fixed; top: 0px; left: 0px; z-index: 2000000000; background-color: rgb(255, 255, 255); opacity: 0.5;"></div>
  (Session info: chrome=77.0.3865.90)
Build info: version: '4.0.0-alpha-3', revision: '8c567de6dc'
System info: host: 'hou-jmorah-m', ip: 'fe80:0:0:0:10c8:9f64:70ee:58ce%en0', os.name: 'Mac OS X', os.arch: 'x86_64', os.version: '10.13.6', java.version: '1.8.0_211'
Driver info: org.openqa.selenium.chrome.ChromeDriver
Capabilities {acceptInsecureCerts: false, browserName: chrome, browserVersion: 77.0.3865.90, chrome: {chromedriverVersion: 77.0.3865.40 (f484704e052e0..., userDataDir: /var/folders/0x/vk5mg75s587...}, goog:chromeOptions: {debuggerAddress: localhost:52035}, javascriptEnabled: true, networkConnectionEnabled: false, pageLoadStrategy: normal, platform: MAC, platformName: MAC, proxy: Proxy(), setWindowRect: true, strictFileInteractability: false, timeouts: {implicit: 0, pageLoad: 300000, script: 30000}, unhandledPromptBehavior: dismiss and notify}
Session ID: 40988dc014616de56305216f4f730459]]>
            </message>
            <full-stacktrace>
              <![CDATA[org.openqa.selenium.ElementClickInterceptedException: element click intercepted: Element <a tabindex="901" class="button-yellow button-buy" id="final-checkout" href="#" title="Pay Bill Now">...</a> is not clickable at point (599, 765). Other element would receive the click: <div style="width: 100%; height: 100%; position: fixed; top: 0px; left: 0px; z-index: 2000000000; background-color: rgb(255, 255, 255); opacity: 0.5;"></div>
  (Session info: chrome=77.0.3865.90)
Build info: version: '4.0.0-alpha-3', revision: '8c567de6dc'
System info: host: 'hou-jmorah-m', ip: 'fe80:0:0:0:10c8:9f64:70ee:58ce%en0', os.name: 'Mac OS X', os.arch: 'x86_64', os.version: '10.13.6', java.version: '1.8.0_211'
Driver info: org.openqa.selenium.chrome.ChromeDriver
Capabilities {acceptInsecureCerts: false, browserName: chrome, browserVersion: 77.0.3865.90, chrome: {chromedriverVersion: 77.0.3865.40 (f484704e052e0..., userDataDir: /var/folders/0x/vk5mg75s587...}, goog:chromeOptions: {debuggerAddress: localhost:52035}, javascriptEnabled: true, networkConnectionEnabled: false, pageLoadStrategy: normal, platform: MAC, platformName: MAC, proxy: Proxy(), setWindowRect: true, strictFileInteractability: false, timeouts: {implicit: 0, pageLoad: 300000, script: 30000}, unhandledPromptBehavior: dismiss and notify}
Session ID: 40988dc014616de56305216f4f730459
at sun.reflect.NativeConstructorAccessorImpl.newInstance0(Native Method)
at sun.reflect.NativeConstructorAccessorImpl.newInstance(NativeConstructorAccessorImpl.java:62)
at sun.reflect.DelegatingConstructorAccessorImpl.newInstance(DelegatingConstructorAccessorImpl.java:45)
at java.lang.reflect.Constructor.newInstance(Constructor.java:423)
at org.openqa.selenium.remote.codec.w3c.W3CHttpResponseCodec.createException(W3CHttpResponseCodec.java:191)
at org.openqa.selenium.remote.codec.w3c.W3CHttpResponseCodec.decode(W3CHttpResponseCodec.java:125)
at org.openqa.selenium.remote.codec.w3c.W3CHttpResponseCodec.decode(W3CHttpResponseCodec.java:52)
at org.openqa.selenium.remote.HttpCommandExecutor.execute(HttpCommandExecutor.java:161)
at org.openqa.selenium.remote.service.DriverCommandExecutor.execute(DriverCommandExecutor.java:83)
at org.openqa.selenium.remote.RemoteWebDriver.execute(RemoteWebDriver.java:576)
at org.openqa.selenium.remote.RemoteWebElement.execute(RemoteWebElement.java:308)
at org.openqa.selenium.remote.RemoteWebElement.click(RemoteWebElement.java:83)
at com.hostgator.signupPages.Signuppage.clickCheckout(Signuppage.java:161)
at com.hostgator.PkgSignup.hgq898(PkgSignup.java:63)
at sun.reflect.NativeMethodAccessorImpl.invoke0(Native Method)
at sun.reflect.NativeMethodAccessorImpl.invoke(NativeMethodAccessorImpl.java:62)
at sun.reflect.DelegatingMethodAccessorImpl.invoke(DelegatingMethodAccessorImpl.java:43)
at java.lang.reflect.Method.invoke(Method.java:498)
at org.testng.internal.MethodInvocationHelper.invokeMethod(MethodInvocationHelper.java:124)
at org.testng.internal.Invoker.invokeMethod(Invoker.java:583)
at org.testng.internal.Invoker.invokeTestMethod(Invoker.java:719)
at org.testng.internal.Invoker.invokeTestMethods(Invoker.java:989)
at org.testng.internal.TestMethodWorker.invokeTestMethods(TestMethodWorker.java:125)
at org.testng.internal.TestMethodWorker.run(TestMethodWorker.java:109)
at org.testng.TestRunner.privateRun(TestRunner.java:648)
at org.testng.TestRunner.run(TestRunner.java:505)
at org.testng.SuiteRunner.runTest(SuiteRunner.java:455)
at org.testng.SuiteRunner.runSequentially(SuiteRunner.java:450)
at org.testng.SuiteRunner.privateRun(SuiteRunner.java:415)
at org.testng.SuiteRunner.run(SuiteRunner.java:364)
at org.testng.SuiteRunnerWorker.runSuite(SuiteRunnerWorker.java:52)
at org.testng.SuiteRunnerWorker.run(SuiteRunnerWorker.java:84)
at org.testng.TestNG.runSuitesSequentially(TestNG.java:1208)
at org.testng.TestNG.runSuitesLocally(TestNG.java:1137)
at org.testng.TestNG.runSuites(TestNG.java:1049)
at org.testng.TestNG.run(TestNG.java:1017)
at org.testng.remote.AbstractRemoteTestNG.run(AbstractRemoteTestNG.java:115)
at org.testng.remote.RemoteTestNG.initAndRun(RemoteTestNG.java:251)
at org.testng.remote.RemoteTestNG.main(RemoteTestNG.java:77)
]]>
            </full-stacktrace>
          </exception> <!-- org.openqa.selenium.ElementClickInterceptedException -->
          <reporter-output>
          </reporter-output>
        </test-method> <!-- hgq898 -->
        <test-method status="PASS" signature="hgq899()[pri:0, instance:com.hostgator.PkgSignup@67a20f67]" name="hgq899" duration-ms="17781" started-at="2019-10-10T18:49:17Z" finished-at="2019-10-10T18:49:35Z">
          <reporter-output>
          </reporter-output>
        </test-method> <!-- hgq899 -->
        <test-method status="PASS" signature="hgq900()[pri:0, instance:com.hostgator.PkgSignup@67a20f67]" name="hgq900" duration-ms="1129" started-at="2019-10-10T18:49:35Z" finished-at="2019-10-10T18:49:36Z">
          <reporter-output>
          </reporter-output>
        </test-method> <!-- hgq900 -->
        <test-method status="PASS" signature="teardown()[pri:0, instance:com.hostgator.PkgSignup@67a20f67]" name="teardown" is-config="true" duration-ms="176" started-at="2019-10-10T18:49:36Z" finished-at="2019-10-10T18:49:36Z">
          <reporter-output>
          </reporter-output>
        </test-method> <!-- teardown -->
      </class> <!-- com.hostgator.PkgSignup -->
    </test> <!-- Default test -->
  </suite> <!-- Default suite -->
</testng-results>
